
> lost-website@0.1.0 dev
> next dev

▲ Next.js 16.1.6 (Turbopack)
- Local:         http://localhost:3000
- Network:       http://192.168.1.24:3000
- Environments: .env.local, .env

✓ Starting...
✓ Ready in 762ms
 POST /api/internal/discord/demo-submit 200 in 16.0s (compile: 118ms, render: 15.8s)
  Reload env: .env
  Reload env: .env.local
  Reload env: .env
  Reload env: .env
  Reload env: .env.local
  Reload env: .env.local
  Reload env: .env
 GET / 200 in 1257ms (compile: 1097ms, render: 161ms)
 GET /api/auth/session 200 in 617ms (compile: 602ms, render: 16ms)
 GET /api/settings/public 200 in 3.4s (compile: 59ms, render: 3.3s)
 GET /api/settings/public 200 in 1037ms (compile: 3ms, render: 1034ms)
 GET /api/settings/public 200 in 1010ms (compile: 3ms, render: 1007ms)
 GET /api/stats 200 in 865ms (compile: 31ms, render: 834ms)
 GET /api/artists 200 in 981ms (compile: 67ms, render: 914ms)
 GET /api/releases 200 in 1038ms (compile: 47ms, render: 991ms)
 GET /dashboard 200 in 437ms (compile: 373ms, proxy.ts: 20ms, render: 44ms)
 GET /dashboard?view=submissions 200 in 27ms (compile: 5ms, proxy.ts: 5ms, render: 18ms)
 GET /api/admin/stats 200 in 3.4s (compile: 19ms, proxy.ts: 1905µs, render: 3.4s)
 GET /api/admin/stats 200 in 8ms (compile: 1118µs, proxy.ts: 1769µs, render: 5ms)
 GET /api/demo 200 in 1824ms (compile: 121ms, render: 1703ms)
 GET /api/demo 200 in 706ms (compile: 1586µs, render: 704ms)
 GET /api/demo 200 in 726ms (compile: 1754µs, render: 725ms)
✓ Compiled in 177ms
 GET /dashboard?view=releases 200 in 93ms (compile: 65ms, proxy.ts: 13ms, render: 14ms)
✓ Compiled in 155ms
 GET /api/admin/releases 200 in 2.1s (compile: 47ms, proxy.ts: 3ms, render: 2.0s)
 GET /api/admin/releases 200 in 1551ms (compile: 4ms, proxy.ts: 5ms, render: 1542ms)
 GET /api/admin/releases 200 in 823ms (compile: 2ms, proxy.ts: 4ms, render: 817ms)
 GET /dashboard?view=contracts 200 in 50ms (compile: 31ms, proxy.ts: 2ms, render: 17ms)
 GET /api/admin/releases 200 in 1044ms (compile: 808µs, proxy.ts: 1089µs, render: 1042ms)
 GET /api/admin/releases 200 in 762ms (compile: 1681µs, proxy.ts: 2ms, render: 758ms)
 GET /api/contracts 200 in 1972ms (compile: 34ms, render: 1938ms)
 GET /api/admin/artists 200 in 1979ms (compile: 21ms, proxy.ts: 2ms, render: 1955ms)
 GET /api/admin/releases 200 in 1398ms (compile: 4ms, proxy.ts: 9ms, render: 1385ms)
 GET /api/demo 200 in 3.5s (compile: 987µs, render: 3.5s)
 GET /api/contracts 200 in 2.1s (compile: 3ms, render: 2.1s)
 GET /dashboard?view=artists 200 in 29ms (compile: 6ms, proxy.ts: 6ms, render: 17ms)
⨯ upstream image response timed out for https://i.scdn.co/image/ab67616d0000b27366262aaa6468e5a9668f7638
 GET /api/admin/users 200 in 888ms (compile: 38ms, proxy.ts: 10ms, render: 840ms)
 GET /api/demo 200 in 1294ms (compile: 3ms, render: 1292ms)
 GET /api/admin/artists 200 in 3.3s (compile: 5ms, proxy.ts: 8ms, render: 3.3s)
 GET /api/contracts 200 in 1205ms (compile: 3ms, render: 1202ms)
 GET /api/admin/users 200 in 823ms (compile: 4ms, proxy.ts: 12ms, render: 807ms)
 GET /api/demo 200 in 2.3s (compile: 3ms, render: 2.3s)
 GET /api/admin/users 200 in 2.4s (compile: 6ms, proxy.ts: 4ms, render: 2.3s)
 GET /dashboard?view=submissions 200 in 26ms (compile: 4ms, proxy.ts: 5ms, render: 17ms)
 GET /api/admin/artists 200 in 4.0s (compile: 1559µs, proxy.ts: 5ms, render: 4.0s)
 GET /dashboard?view=artists 200 in 24ms (compile: 4ms, proxy.ts: 5ms, render: 16ms)
 GET /api/demo 200 in 944ms (compile: 1490µs, render: 942ms)
 GET /api/admin/users 200 in 677ms (compile: 1650µs, proxy.ts: 3ms, render: 672ms)
 GET /api/admin/artists 200 in 925ms (compile: 3ms, proxy.ts: 3ms, render: 919ms)
 GET /api/admin/users 200 in 393ms (compile: 3ms, proxy.ts: 4ms, render: 387ms)
 GET /api/demo 200 in 941ms (compile: 3ms, render: 938ms)
 GET /api/admin/users 200 in 338ms (compile: 3ms, proxy.ts: 4ms, render: 331ms)
 GET /api/demo 200 in 702ms (compile: 3ms, render: 700ms)
 GET /api/admin/artists 200 in 1436ms (compile: 2ms, proxy.ts: 4ms, render: 1430ms)
 GET /api/admin/artists 200 in 432ms (compile: 3ms, proxy.ts: 4ms, render: 426ms)
 GET /api/admin/artists 200 in 290ms (compile: 3ms, proxy.ts: 5ms, render: 282ms)
 GET /api/admin/artists 200 in 237ms (compile: 4ms, proxy.ts: 7ms, render: 225ms)
 GET /api/admin/artists 200 in 224ms (compile: 1338µs, proxy.ts: 2ms, render: 220ms)
 GET /dashboard?view=overview 200 in 42ms (compile: 11ms, proxy.ts: 15ms, render: 17ms)
 GET /api/admin/stats 200 in 1751ms (compile: 1669µs, proxy.ts: 1698µs, render: 1748ms)
 GET /api/admin/stats 200 in 18ms (compile: 3ms, proxy.ts: 4ms, render: 11ms)
 GET /api/admin/stats 200 in 14ms (compile: 2ms, proxy.ts: 2ms, render: 9ms)
 GET /api/admin/stats 200 in 11ms (compile: 1658µs, proxy.ts: 1769µs, render: 7ms)
✓ Compiled in 203ms
 GET /dashboard?view=overview 200 in 104ms (compile: 70ms, proxy.ts: 8ms, render: 26ms)
 GET /dashboard?view=content 200 in 32ms (compile: 9ms, proxy.ts: 9ms, render: 14ms)
 GET /api/admin/content 200 in 1360ms (compile: 217ms, proxy.ts: 5ms, render: 1138ms)
✓ Compiled in 159ms
 GET /api/admin/content 200 in 1775ms (compile: 2ms, proxy.ts: 3ms, render: 1770ms)
 GET /api/admin/content 200 in 160ms (compile: 1396µs, proxy.ts: 1536µs, render: 157ms)
✓ Compiled in 362ms
 GET /api/auth/session 200 in 31ms (compile: 20ms, render: 11ms)
 GET /api/auth/session 200 in 17ms (compile: 8ms, render: 9ms)
 GET /dashboard?view=artists 200 in 80ms (compile: 61ms, proxy.ts: 6ms, render: 13ms)
 GET /api/admin/users 200 in 2.4s (compile: 7ms, proxy.ts: 4ms, render: 2.4s)
 GET /api/admin/users 200 in 818ms (compile: 3ms, proxy.ts: 4ms, render: 811ms)
 GET /api/admin/users 200 in 393ms (compile: 3ms, proxy.ts: 2ms, render: 388ms)
 GET /api/admin/artists 200 in 4.4s (compile: 3ms, proxy.ts: 4ms, render: 4.4s)
 GET /api/admin/artists 200 in 1169ms (compile: 2ms, proxy.ts: 3ms, render: 1163ms)
 GET /api/admin/artists 200 in 779ms (compile: 3ms, proxy.ts: 4ms, render: 772ms)
 GET /dashboard?view=artists 200 in 36ms (compile: 8ms, proxy.ts: 9ms, render: 19ms)
 GET /dashboard?view=contracts 200 in 27ms (compile: 4ms, proxy.ts: 5ms, render: 18ms)
 GET /api/contracts 200 in 833ms (compile: 3ms, render: 830ms)
 GET /api/demo 200 in 879ms (compile: 4ms, render: 875ms)
 GET /api/admin/releases 200 in 900ms (compile: 7ms, proxy.ts: 5ms, render: 887ms)
 GET /api/contracts 200 in 205ms (compile: 3ms, render: 203ms)
 GET /api/admin/releases 200 in 246ms (compile: 1043µs, proxy.ts: 1493µs, render: 244ms)
 GET /api/contracts 200 in 127ms (compile: 1646µs, render: 125ms)
 GET /api/admin/artists 200 in 1164ms (compile: 5ms, proxy.ts: 5ms, render: 1154ms)
 GET /api/demo 200 in 349ms (compile: 1188µs, render: 348ms)
 GET /api/admin/releases 200 in 216ms (compile: 2ms, proxy.ts: 4ms, render: 209ms)
 GET /api/admin/artists 200 in 262ms (compile: 764µs, proxy.ts: 1595µs, render: 260ms)
 GET /api/demo 200 in 198ms (compile: 2ms, render: 196ms)
 GET /api/admin/artists 200 in 315ms (compile: 3ms, proxy.ts: 4ms, render: 308ms)
 GET /dashboard?view=requests 200 in 33ms (compile: 7ms, proxy.ts: 5ms, render: 21ms)
 GET /api/admin/requests 200 in 1590ms (compile: 153ms, proxy.ts: 4ms, render: 1433ms)
 GET /api/admin/requests 200 in 94ms (compile: 3ms, proxy.ts: 3ms, render: 88ms)
 GET /api/admin/requests 200 in 108ms (compile: 3ms, proxy.ts: 4ms, render: 101ms)
 GET /dashboard?view=releases 200 in 26ms (compile: 4ms, proxy.ts: 5ms, render: 16ms)
 GET /api/admin/releases 200 in 131ms (compile: 1545µs, proxy.ts: 4ms, render: 125ms)
 GET /api/admin/releases 200 in 128ms (compile: 1601µs, proxy.ts: 2ms, render: 125ms)
 GET /api/admin/releases 200 in 98ms (compile: 3ms, proxy.ts: 3ms, render: 92ms)
 GET /dashboard?view=payments 200 in 32ms (compile: 5ms, proxy.ts: 8ms, render: 19ms)
[DEBUG] 2026-03-02T18:38:52.331Z Fetching payments { userRole: 'admin', userId: '06a38894-5a8f-4950-897f-4b41138e693c' }
 GET /api/admin/users 200 in 92ms (compile: 4ms, proxy.ts: 3ms, render: 85ms)
 GET /api/admin/users 200 in 47ms (compile: 1828µs, proxy.ts: 1591µs, render: 43ms)
 GET /api/admin/users 200 in 60ms (compile: 1396µs, proxy.ts: 1704µs, render: 57ms)
[DEBUG] 2026-03-02T18:38:52.548Z Payments fetched { count: 3 }
 GET /api/payments 200 in 263ms (compile: 37ms, render: 225ms)
[DEBUG] 2026-03-02T18:38:52.561Z Fetching payments { userRole: 'admin', userId: '06a38894-5a8f-4950-897f-4b41138e693c' }
[DEBUG] 2026-03-02T18:38:52.630Z Payments fetched { count: 3 }
 GET /api/payments 200 in 80ms (compile: 2ms, render: 78ms)
[DEBUG] 2026-03-02T18:38:52.659Z Fetching payments { userRole: 'admin', userId: '06a38894-5a8f-4950-897f-4b41138e693c' }
[DEBUG] 2026-03-02T18:38:52.728Z Payments fetched { count: 3 }
 GET /api/payments 200 in 93ms (compile: 3ms, render: 90ms)
 GET /dashboard?view=submissions 200 in 28ms (compile: 4ms, proxy.ts: 5ms, render: 18ms)
 GET /api/demo 200 in 314ms (compile: 3ms, render: 311ms)
 GET /api/demo 200 in 162ms (compile: 3ms, render: 159ms)
 GET /api/demo 200 in 304ms (compile: 2ms, render: 302ms)
 GET /dashboard/demo/de56fd87-f6bb-41eb-b219-670d08f783e1 200 in 305ms (compile: 292ms, proxy.ts: 5ms, render: 9ms)
 GET /api/demo/de56fd87-f6bb-41eb-b219-670d08f783e1 200 in 803ms (compile: 502ms, render: 302ms)
 GET /api/demo/de56fd87-f6bb-41eb-b219-670d08f783e1 200 in 149ms (compile: 6ms, render: 143ms)
 GET /api/demo/de56fd87-f6bb-41eb-b219-670d08f783e1 200 in 218ms (compile: 833µs, render: 218ms)
 GET /api/demo/de56fd87-f6bb-41eb-b219-670d08f783e1 200 in 134ms (compile: 754µs, render: 133ms)
 GET /api/files/demo/a40fb1ef-0bc6-484b-a020-99eb2ac18cce 404 in 674ms (compile: 393ms, render: 281ms)
 GET /api/files/demo/a40fb1ef-0bc6-484b-a020-99eb2ac18cce 404 in 130ms (compile: 7ms, render: 123ms)
 GET /api/auth/session 200 in 73ms (compile: 39ms, render: 34ms)
 GET /dashboard?view=contracts 200 in 41ms (compile: 10ms, proxy.ts: 11ms, render: 20ms)
 GET /api/admin/releases 200 in 2.8s (compile: 8ms, proxy.ts: 5ms, render: 2.8s)
 GET /api/demo 200 in 3.3s (compile: 4ms, render: 3.3s)
 GET /api/admin/releases 200 in 595ms (compile: 2ms, proxy.ts: 3ms, render: 590ms)
 GET /api/contracts 200 in 3.6s (compile: 2ms, render: 3.6s)
 GET /api/admin/releases 200 in 694ms (compile: 2ms, proxy.ts: 4ms, render: 689ms)
 GET /dashboard?view=artists 200 in 33ms (compile: 5ms, proxy.ts: 5ms, render: 23ms)
 GET /api/admin/artists 200 in 4.4s (compile: 7ms, proxy.ts: 4ms, render: 4.4s)
 GET /api/admin/releases 200 in 396ms (compile: 1481µs, proxy.ts: 2ms, render: 392ms)
 GET /api/contracts 200 in 945ms (compile: 3ms, render: 943ms)
 GET /api/demo 200 in 1335ms (compile: 3ms, render: 1331ms)
 GET /api/admin/artists 200 in 614ms (compile: 3ms, proxy.ts: 3ms, render: 608ms)
 GET /api/contracts 200 in 505ms (compile: 2ms, render: 502ms)
 GET /api/demo 200 in 710ms (compile: 1394µs, render: 708ms)
 GET /api/admin/users 200 in 1228ms (compile: 1636µs, proxy.ts: 3ms, render: 1224ms)
 GET /api/contracts 200 in 392ms (compile: 4ms, render: 388ms)
 GET /api/admin/users 200 in 122ms (compile: 1358µs, proxy.ts: 2ms, render: 119ms)
 GET /api/admin/artists 200 in 516ms (compile: 5ms, proxy.ts: 5ms, render: 505ms)
 GET /api/admin/users 200 in 196ms (compile: 1465µs, proxy.ts: 2ms, render: 192ms)
 GET /api/demo 200 in 505ms (compile: 4ms, render: 501ms)
 GET /api/admin/artists 200 in 427ms (compile: 2ms, proxy.ts: 4ms, render: 421ms)
 GET /api/admin/artists 200 in 478ms (compile: 3ms, proxy.ts: 4ms, render: 471ms)
 GET /api/admin/artists 200 in 541ms (compile: 2ms, proxy.ts: 3ms, render: 536ms)
 GET /api/admin/artists 200 in 480ms (compile: 2ms, proxy.ts: 3ms, render: 475ms)
 GET /dashboard?view=users 200 in 53ms (compile: 18ms, proxy.ts: 8ms, render: 27ms)
 GET /api/admin/users 200 in 794ms (compile: 6ms, proxy.ts: 6ms, render: 782ms)
 GET /api/admin/users 200 in 290ms (compile: 3ms, proxy.ts: 4ms, render: 283ms)
 GET /api/admin/users 200 in 253ms (compile: 2ms, proxy.ts: 3ms, render: 248ms)
📧 Email sent: <8b6201b2-a7ba-53b5-4884-7867b8cce40a@thelostlabel.com>
📧 Email sent: <2a16fbb6-01bb-9d53-de69-27a6ac0c11da@thelostlabel.com>
 PATCH /api/admin/users 200 in 12.3s (compile: 4ms, proxy.ts: 4ms, render: 12.2s)
 PATCH /api/admin/users 200 in 15.8s (compile: 4ms, proxy.ts: 7ms, render: 15.8s)
 GET /api/admin/users 200 in 885ms (compile: 5ms, proxy.ts: 4ms, render: 876ms)
 GET /api/admin/users 200 in 200ms (compile: 1906µs, proxy.ts: 3ms, render: 195ms)
 GET /api/auth/session 200 in 25ms (compile: 12ms, render: 13ms)
 GET /api/auth/session 200 in 16ms (compile: 4ms, render: 12ms)
 GET /api/auth/session 200 in 23ms (compile: 5ms, render: 18ms)
 GET /api/auth/session 200 in 14ms (compile: 5ms, render: 9ms)
 GET /api/auth/session 200 in 17ms (compile: 8ms, render: 9ms)
 GET /api/auth/session 200 in 121ms (compile: 84ms, render: 37ms)
 GET /api/auth/session 200 in 12ms (compile: 4ms, render: 8ms)
 GET /api/auth/session 200 in 6ms (compile: 1149µs, render: 5ms)
 GET /dashboard?view=overview 200 in 46ms (compile: 12ms, proxy.ts: 10ms, render: 24ms)
 GET /api/admin/stats 200 in 2.8s (compile: 4ms, proxy.ts: 2ms, render: 2.8s)
 GET /api/admin/stats 200 in 9ms (compile: 966µs, proxy.ts: 1372µs, render: 7ms)
 GET /api/admin/stats 200 in 7ms (compile: 953µs, proxy.ts: 1723µs, render: 5ms)
 GET /api/admin/stats 200 in 7ms (compile: 908µs, proxy.ts: 1240µs, render: 5ms)
 GET /dashboard?view=submissions 200 in 27ms (compile: 4ms, proxy.ts: 5ms, render: 18ms)
 GET /api/demo 200 in 4.1s (compile: 1383µs, render: 4.1s)
 GET /api/demo 200 in 1525ms (compile: 3ms, render: 1522ms)
 GET /api/demo 200 in 1114ms (compile: 1494µs, render: 1113ms)
 GET /dashboard/demo/de56fd87-f6bb-41eb-b219-670d08f783e1 200 in 43ms (compile: 16ms, proxy.ts: 7ms, render: 20ms)
 GET /api/demo/de56fd87-f6bb-41eb-b219-670d08f783e1 200 in 3.3s (compile: 3ms, render: 3.3s)
 GET /api/demo/de56fd87-f6bb-41eb-b219-670d08f783e1 200 in 1082ms (compile: 6ms, render: 1077ms)
 GET /api/demo/de56fd87-f6bb-41eb-b219-670d08f783e1 200 in 1029ms (compile: 8ms, render: 1021ms)
 GET /api/files/demo/a40fb1ef-0bc6-484b-a020-99eb2ac18cce 404 in 1303ms (compile: 9ms, render: 1294ms)
 GET /api/files/demo/a40fb1ef-0bc6-484b-a020-99eb2ac18cce 404 in 405ms (compile: 3ms, render: 401ms)
 GET /api/demo/de56fd87-f6bb-41eb-b219-670d08f783e1 200 in 940ms (compile: 4ms, render: 936ms)
 GET /api/auth/session 200 in 28ms (compile: 13ms, render: 15ms)
✓ Compiled in 344ms
✓ Compiled in 207ms
 GET / 200 in 200ms (compile: 22ms, render: 178ms)
 GET /api/auth/session 200 in 36ms (compile: 11ms, render: 26ms)
 GET /api/auth/session 200 in 8ms (compile: 2ms, render: 6ms)
 GET /api/settings/public 200 in 2.9s (compile: 2ms, render: 2.9s)
 GET /api/settings/public 200 in 2.1s (compile: 4ms, render: 2.1s)
 GET /api/settings/public 200 in 251ms (compile: 2ms, render: 249ms)
 GET /api/stats 200 in 2.8s (compile: 6ms, render: 2.8s)
 GET /api/artists 200 in 3.9s (compile: 21ms, render: 3.9s)
 GET /api/releases 200 in 4.0s (compile: 13ms, render: 4.0s)
 GET /dashboard 200 in 159ms (compile: 118ms, proxy.ts: 12ms, render: 29ms)
 GET /api/admin/stats 200 in 5.2s (compile: 1813µs, proxy.ts: 1500µs, render: 5.2s)
 GET /api/admin/stats 200 in 21ms (compile: 4ms, proxy.ts: 7ms, render: 10ms)
 GET /dashboard?view=earnings 200 in 34ms (compile: 11ms, proxy.ts: 7ms, render: 16ms)
 GET /api/contracts 200 in 4.2s (compile: 4ms, render: 4.2s)
 GET /dashboard?view=submissions 200 in 29ms (compile: 5ms, proxy.ts: 8ms, render: 17ms)
 GET /api/earnings?page=1&limit=50 200 in 5.0s (compile: 261ms, render: 4.8s)
 GET /api/contracts 200 in 1253ms (compile: 4ms, render: 1249ms)
 GET /api/contracts 200 in 2.5s (compile: 3ms, render: 2.5s)
 GET /api/earnings?page=1&limit=50 200 in 3.1s (compile: 3ms, render: 3.1s)
 GET /api/demo 200 in 4.7s (compile: 3ms, render: 4.7s)
 GET /api/demo 200 in 514ms (compile: 3ms, render: 511ms)
 GET /api/earnings?page=1&limit=50 200 in 2.1s (compile: 3ms, render: 2.1s)
 GET /api/demo 200 in 530ms (compile: 2ms, render: 528ms)
 GET /dashboard/demo/1cc58194-3374-442e-b272-88a30f48f0cd 200 in 37ms (compile: 14ms, proxy.ts: 6ms, render: 17ms)
 GET /api/demo/1cc58194-3374-442e-b272-88a30f48f0cd 200 in 1989ms (compile: 4ms, render: 1985ms)
 GET /api/demo/1cc58194-3374-442e-b272-88a30f48f0cd 200 in 1348ms (compile: 117ms, render: 1231ms)
 GET /api/demo/1cc58194-3374-442e-b272-88a30f48f0cd 200 in 3.1s (compile: 6ms, render: 3.1s)
 GET /api/files/demo/ff8dd9f9-ca7b-49c3-908c-241d68668dcd 404 in 3.3s (compile: 4ms, render: 3.3s)
 GET /api/files/demo/ff8dd9f9-ca7b-49c3-908c-241d68668dcd 404 in 598ms (compile: 2ms, render: 596ms)
 GET /api/demo/1cc58194-3374-442e-b272-88a30f48f0cd 200 in 4.0s (compile: 5ms, render: 4.0s)
[?25h
